[0.722s] Invoking command in '/home/aluno/Desktop/SEL_ws/src/pyconvo': PYTHONPATH=/home/aluno/Desktop/SEL_ws/build/pyconvo/prefix_override:/home/aluno/Desktop/SEL_ws/install/pyconvo/lib/python3.10/site-packages:${PYTHONPATH} /usr/bin/python3 setup.py egg_info --egg-base ../../build/pyconvo build --build-base /home/aluno/Desktop/SEL_ws/build/pyconvo/build install --record /home/aluno/Desktop/SEL_ws/build/pyconvo/install.log --single-version-externally-managed
[0.960s] running egg_info
[0.961s] writing ../../build/pyconvo/pyconvo.egg-info/PKG-INFO
[0.961s] writing dependency_links to ../../build/pyconvo/pyconvo.egg-info/dependency_links.txt
[0.961s] writing entry points to ../../build/pyconvo/pyconvo.egg-info/entry_points.txt
[0.961s] writing requirements to ../../build/pyconvo/pyconvo.egg-info/requires.txt
[0.962s] writing top-level names to ../../build/pyconvo/pyconvo.egg-info/top_level.txt
[0.963s] reading manifest file '../../build/pyconvo/pyconvo.egg-info/SOURCES.txt'
[0.964s] writing manifest file '../../build/pyconvo/pyconvo.egg-info/SOURCES.txt'
[0.964s] running build
[0.964s] running build_py
[0.964s] copying pyconvo/convo.py -> /home/aluno/Desktop/SEL_ws/build/pyconvo/build/lib/pyconvo
[0.965s] running install
[0.965s] /usr/lib/python3/dist-packages/setuptools/command/install.py:34: SetuptoolsDeprecationWarning: setup.py install is deprecated. Use build and pip and other standards-based tools.
[0.965s]   warnings.warn(
[0.965s] running install_lib
[0.966s] copying /home/aluno/Desktop/SEL_ws/build/pyconvo/build/lib/pyconvo/convo.py -> /home/aluno/Desktop/SEL_ws/install/pyconvo/lib/python3.10/site-packages/pyconvo
[0.966s] byte-compiling /home/aluno/Desktop/SEL_ws/install/pyconvo/lib/python3.10/site-packages/pyconvo/convo.py to convo.cpython-310.pyc
[0.967s] running install_data
[0.968s] running install_egg_info
[0.969s] removing '/home/aluno/Desktop/SEL_ws/install/pyconvo/lib/python3.10/site-packages/pyconvo-0.0.0-py3.10.egg-info' (and everything under it)
[0.969s] Copying ../../build/pyconvo/pyconvo.egg-info to /home/aluno/Desktop/SEL_ws/install/pyconvo/lib/python3.10/site-packages/pyconvo-0.0.0-py3.10.egg-info
[0.970s] running install_scripts
[0.988s] Installing convo script to /home/aluno/Desktop/SEL_ws/install/pyconvo/lib/pyconvo
[0.988s] Installing logger script to /home/aluno/Desktop/SEL_ws/install/pyconvo/lib/pyconvo
[0.988s] Installing talker script to /home/aluno/Desktop/SEL_ws/install/pyconvo/lib/pyconvo
[0.988s] writing list of installed files to '/home/aluno/Desktop/SEL_ws/build/pyconvo/install.log'
[1.012s] Invoked command in '/home/aluno/Desktop/SEL_ws/src/pyconvo' returned '0': PYTHONPATH=/home/aluno/Desktop/SEL_ws/build/pyconvo/prefix_override:/home/aluno/Desktop/SEL_ws/install/pyconvo/lib/python3.10/site-packages:${PYTHONPATH} /usr/bin/python3 setup.py egg_info --egg-base ../../build/pyconvo build --build-base /home/aluno/Desktop/SEL_ws/build/pyconvo/build install --record /home/aluno/Desktop/SEL_ws/build/pyconvo/install.log --single-version-externally-managed
