[0.834s] Invoking command in '/home/aluno/Desktop/SEL_ws/src/pyconvo': PYTHONPATH=/home/aluno/Desktop/SEL_ws/build/pyconvo/prefix_override:/home/aluno/Desktop/SEL_ws/install/pyconvo/lib/python3.10/site-packages:${PYTHONPATH} /usr/bin/python3 setup.py egg_info --egg-base ../../build/pyconvo build --build-base /home/aluno/Desktop/SEL_ws/build/pyconvo/build install --record /home/aluno/Desktop/SEL_ws/build/pyconvo/install.log --single-version-externally-managed
[1.109s] running egg_info
[1.110s] writing ../../build/pyconvo/pyconvo.egg-info/PKG-INFO
[1.110s] writing dependency_links to ../../build/pyconvo/pyconvo.egg-info/dependency_links.txt
[1.110s] writing entry points to ../../build/pyconvo/pyconvo.egg-info/entry_points.txt
[1.111s] writing requirements to ../../build/pyconvo/pyconvo.egg-info/requires.txt
[1.111s] writing top-level names to ../../build/pyconvo/pyconvo.egg-info/top_level.txt
[1.113s] reading manifest file '../../build/pyconvo/pyconvo.egg-info/SOURCES.txt'
[1.114s] writing manifest file '../../build/pyconvo/pyconvo.egg-info/SOURCES.txt'
[1.114s] running build
[1.114s] running build_py
[1.114s] running install
[1.114s] /usr/lib/python3/dist-packages/setuptools/command/install.py:34: SetuptoolsDeprecationWarning: setup.py install is deprecated. Use build and pip and other standards-based tools.
[1.114s]   warnings.warn(
[1.114s] running install_lib
[1.116s] running install_data
[1.116s] copying launch/serial.launch.py -> /home/aluno/Desktop/SEL_ws/install/pyconvo/share/pyconvo/launch
[1.116s] running install_egg_info
[1.118s] removing '/home/aluno/Desktop/SEL_ws/install/pyconvo/lib/python3.10/site-packages/pyconvo-0.0.0-py3.10.egg-info' (and everything under it)
[1.118s] Copying ../../build/pyconvo/pyconvo.egg-info to /home/aluno/Desktop/SEL_ws/install/pyconvo/lib/python3.10/site-packages/pyconvo-0.0.0-py3.10.egg-info
[1.119s] running install_scripts
[1.141s] Installing convo script to /home/aluno/Desktop/SEL_ws/install/pyconvo/lib/pyconvo
[1.141s] Installing logger script to /home/aluno/Desktop/SEL_ws/install/pyconvo/lib/pyconvo
[1.141s] Installing talker script to /home/aluno/Desktop/SEL_ws/install/pyconvo/lib/pyconvo
[1.142s] writing list of installed files to '/home/aluno/Desktop/SEL_ws/build/pyconvo/install.log'
[1.173s] Invoked command in '/home/aluno/Desktop/SEL_ws/src/pyconvo' returned '0': PYTHONPATH=/home/aluno/Desktop/SEL_ws/build/pyconvo/prefix_override:/home/aluno/Desktop/SEL_ws/install/pyconvo/lib/python3.10/site-packages:${PYTHONPATH} /usr/bin/python3 setup.py egg_info --egg-base ../../build/pyconvo build --build-base /home/aluno/Desktop/SEL_ws/build/pyconvo/build install --record /home/aluno/Desktop/SEL_ws/build/pyconvo/install.log --single-version-externally-managed
