[0.713s] Invoking command in '/home/aluno/Desktop/SEL_ws/src/pyconvo': PYTHONPATH=/home/aluno/Desktop/SEL_ws/build/pyconvo/prefix_override:/home/aluno/Desktop/SEL_ws/install/pyconvo/lib/python3.10/site-packages:${PYTHONPATH} /usr/bin/python3 setup.py egg_info --egg-base ../../build/pyconvo build --build-base /home/aluno/Desktop/SEL_ws/build/pyconvo/build install --record /home/aluno/Desktop/SEL_ws/build/pyconvo/install.log --single-version-externally-managed
[0.944s] running egg_info
[0.945s] writing ../../build/pyconvo/pyconvo.egg-info/PKG-INFO
[0.945s] writing dependency_links to ../../build/pyconvo/pyconvo.egg-info/dependency_links.txt
[0.945s] writing entry points to ../../build/pyconvo/pyconvo.egg-info/entry_points.txt
[0.945s] writing requirements to ../../build/pyconvo/pyconvo.egg-info/requires.txt
[0.946s] writing top-level names to ../../build/pyconvo/pyconvo.egg-info/top_level.txt
[0.947s] reading manifest file '../../build/pyconvo/pyconvo.egg-info/SOURCES.txt'
[0.948s] writing manifest file '../../build/pyconvo/pyconvo.egg-info/SOURCES.txt'
[0.948s] running build
[0.948s] running build_py
[0.948s] copying pyconvo/convo.py -> /home/aluno/Desktop/SEL_ws/build/pyconvo/build/lib/pyconvo
[0.949s] running install
[0.949s] /usr/lib/python3/dist-packages/setuptools/command/install.py:34: SetuptoolsDeprecationWarning: setup.py install is deprecated. Use build and pip and other standards-based tools.
[0.949s]   warnings.warn(
[0.949s] running install_lib
[0.950s] copying /home/aluno/Desktop/SEL_ws/build/pyconvo/build/lib/pyconvo/convo.py -> /home/aluno/Desktop/SEL_ws/install/pyconvo/lib/python3.10/site-packages/pyconvo
[0.951s] byte-compiling /home/aluno/Desktop/SEL_ws/install/pyconvo/lib/python3.10/site-packages/pyconvo/convo.py to convo.cpython-310.pyc
[0.952s] running install_data
[0.953s] running install_egg_info
[0.954s] removing '/home/aluno/Desktop/SEL_ws/install/pyconvo/lib/python3.10/site-packages/pyconvo-0.0.0-py3.10.egg-info' (and everything under it)
[0.954s] Copying ../../build/pyconvo/pyconvo.egg-info to /home/aluno/Desktop/SEL_ws/install/pyconvo/lib/python3.10/site-packages/pyconvo-0.0.0-py3.10.egg-info
[0.955s] running install_scripts
[0.972s] Installing convo script to /home/aluno/Desktop/SEL_ws/install/pyconvo/lib/pyconvo
[0.973s] Installing logger script to /home/aluno/Desktop/SEL_ws/install/pyconvo/lib/pyconvo
[0.973s] Installing talker script to /home/aluno/Desktop/SEL_ws/install/pyconvo/lib/pyconvo
[0.973s] writing list of installed files to '/home/aluno/Desktop/SEL_ws/build/pyconvo/install.log'
[0.995s] Invoked command in '/home/aluno/Desktop/SEL_ws/src/pyconvo' returned '0': PYTHONPATH=/home/aluno/Desktop/SEL_ws/build/pyconvo/prefix_override:/home/aluno/Desktop/SEL_ws/install/pyconvo/lib/python3.10/site-packages:${PYTHONPATH} /usr/bin/python3 setup.py egg_info --egg-base ../../build/pyconvo build --build-base /home/aluno/Desktop/SEL_ws/build/pyconvo/build install --record /home/aluno/Desktop/SEL_ws/build/pyconvo/install.log --single-version-externally-managed
