[0.502s] DEBUG:colcon:Command line arguments: ['/home/aluno/.local/bin/colcon', 'build']
[0.502s] DEBUG:colcon:Parsed command line arguments: Namespace(log_base=None, log_level=None, verb_name='build', build_base='build', install_base='install', merge_install=False, symlink_install=False, test_result_base=None, continue_on_error=False, executor='parallel', parallel_workers=8, event_handlers=None, ignore_user_meta=False, metas=['./colcon.meta'], base_paths=['.'], packages_ignore=None, packages_ignore_regex=None, paths=None, packages_up_to=None, packages_up_to_regex=None, packages_above=None, packages_above_and_dependencies=None, packages_above_depth=None, packages_select_by_dep=None, packages_skip_by_dep=None, packages_skip_up_to=None, packages_select_build_failed=False, packages_skip_build_finished=False, packages_select_test_failures=False, packages_skip_test_passed=False, packages_select=None, packages_skip=None, packages_select_regex=None, packages_skip_regex=None, packages_start=None, packages_end=None, allow_overriding=[], cmake_args=None, cmake_target=None, cmake_target_skip_unavailable=False, cmake_clean_cache=False, cmake_clean_first=False, cmake_force_configure=False, ament_cmake_args=None, catkin_cmake_args=None, catkin_skip_building_tests=False, verb_parser=<colcon_defaults.argument_parser.defaults.DefaultArgumentsDecorator object at 0x7fd82069e950>, verb_extension=<colcon_core.verb.build.BuildVerb object at 0x7fd82073cfa0>, main=<bound method BuildVerb.main of <colcon_core.verb.build.BuildVerb object at 0x7fd82073cfa0>>)
[0.529s] Level 1:colcon.colcon_core.package_discovery:discover_packages(colcon_meta) check parameters
[0.529s] Level 1:colcon.colcon_core.package_discovery:discover_packages(recursive) check parameters
[0.529s] Level 1:colcon.colcon_core.package_discovery:discover_packages(ignore) check parameters
[0.529s] Level 1:colcon.colcon_core.package_discovery:discover_packages(path) check parameters
[0.529s] Level 1:colcon.colcon_core.package_discovery:discover_packages(colcon_meta) discover
[0.529s] Level 1:colcon.colcon_core.package_discovery:discover_packages(recursive) discover
[0.529s] INFO:colcon.colcon_core.package_discovery:Crawling recursively for packages in '/home/aluno/Desktop/SEL_ws'
[0.529s] Level 1:colcon.colcon_core.package_identification:_identify(.) by extensions ['ignore', 'ignore_ament_install']
[0.529s] Level 1:colcon.colcon_core.package_identification:_identify(.) by extension 'ignore'
[0.529s] Level 1:colcon.colcon_core.package_identification:_identify(.) by extension 'ignore_ament_install'
[0.529s] Level 1:colcon.colcon_core.package_identification:_identify(.) by extensions ['colcon_pkg']
[0.529s] Level 1:colcon.colcon_core.package_identification:_identify(.) by extension 'colcon_pkg'
[0.529s] Level 1:colcon.colcon_core.package_identification:_identify(.) by extensions ['colcon_meta']
[0.529s] Level 1:colcon.colcon_core.package_identification:_identify(.) by extension 'colcon_meta'
[0.529s] Level 1:colcon.colcon_core.package_identification:_identify(.) by extensions ['ros']
[0.529s] Level 1:colcon.colcon_core.package_identification:_identify(.) by extension 'ros'
[0.548s] Level 1:colcon.colcon_core.package_identification:_identify(.) by extensions ['cmake', 'python']
[0.548s] Level 1:colcon.colcon_core.package_identification:_identify(.) by extension 'cmake'
[0.548s] Level 1:colcon.colcon_core.package_identification:_identify(.) by extension 'python'
[0.548s] Level 1:colcon.colcon_core.package_identification:_identify(.) by extensions ['python_setup_py']
[0.548s] Level 1:colcon.colcon_core.package_identification:_identify(.) by extension 'python_setup_py'
[0.549s] Level 1:colcon.colcon_core.package_identification:_identify(build) by extensions ['ignore', 'ignore_ament_install']
[0.549s] Level 1:colcon.colcon_core.package_identification:_identify(build) by extension 'ignore'
[0.549s] Level 1:colcon.colcon_core.package_identification:_identify(build) ignored
[0.549s] Level 1:colcon.colcon_core.package_identification:_identify(install) by extensions ['ignore', 'ignore_ament_install']
[0.549s] Level 1:colcon.colcon_core.package_identification:_identify(install) by extension 'ignore'
[0.549s] Level 1:colcon.colcon_core.package_identification:_identify(install) ignored
[0.549s] Level 1:colcon.colcon_core.package_identification:_identify(log) by extensions ['ignore', 'ignore_ament_install']
[0.549s] Level 1:colcon.colcon_core.package_identification:_identify(log) by extension 'ignore'
[0.549s] Level 1:colcon.colcon_core.package_identification:_identify(log) ignored
[0.549s] Level 1:colcon.colcon_core.package_identification:_identify(src) by extensions ['ignore', 'ignore_ament_install']
[0.549s] Level 1:colcon.colcon_core.package_identification:_identify(src) by extension 'ignore'
[0.549s] Level 1:colcon.colcon_core.package_identification:_identify(src) by extension 'ignore_ament_install'
[0.549s] Level 1:colcon.colcon_core.package_identification:_identify(src) by extensions ['colcon_pkg']
[0.549s] Level 1:colcon.colcon_core.package_identification:_identify(src) by extension 'colcon_pkg'
[0.550s] Level 1:colcon.colcon_core.package_identification:_identify(src) by extensions ['colcon_meta']
[0.550s] Level 1:colcon.colcon_core.package_identification:_identify(src) by extension 'colcon_meta'
[0.550s] Level 1:colcon.colcon_core.package_identification:_identify(src) by extensions ['ros']
[0.550s] Level 1:colcon.colcon_core.package_identification:_identify(src) by extension 'ros'
[0.550s] Level 1:colcon.colcon_core.package_identification:_identify(src) by extensions ['cmake', 'python']
[0.550s] Level 1:colcon.colcon_core.package_identification:_identify(src) by extension 'cmake'
[0.550s] Level 1:colcon.colcon_core.package_identification:_identify(src) by extension 'python'
[0.550s] Level 1:colcon.colcon_core.package_identification:_identify(src) by extensions ['python_setup_py']
[0.550s] Level 1:colcon.colcon_core.package_identification:_identify(src) by extension 'python_setup_py'
[0.550s] Level 1:colcon.colcon_core.package_identification:_identify(src/pyconvo) by extensions ['ignore', 'ignore_ament_install']
[0.550s] Level 1:colcon.colcon_core.package_identification:_identify(src/pyconvo) by extension 'ignore'
[0.550s] Level 1:colcon.colcon_core.package_identification:_identify(src/pyconvo) by extension 'ignore_ament_install'
[0.550s] Level 1:colcon.colcon_core.package_identification:_identify(src/pyconvo) by extensions ['colcon_pkg']
[0.550s] Level 1:colcon.colcon_core.package_identification:_identify(src/pyconvo) by extension 'colcon_pkg'
[0.550s] Level 1:colcon.colcon_core.package_identification:_identify(src/pyconvo) by extensions ['colcon_meta']
[0.550s] Level 1:colcon.colcon_core.package_identification:_identify(src/pyconvo) by extension 'colcon_meta'
[0.550s] Level 1:colcon.colcon_core.package_identification:_identify(src/pyconvo) by extensions ['ros']
[0.550s] Level 1:colcon.colcon_core.package_identification:_identify(src/pyconvo) by extension 'ros'
[0.552s] DEBUG:colcon.colcon_core.package_identification:Package 'src/pyconvo' with type 'ros.ament_python' and name 'pyconvo'
[0.552s] Level 1:colcon.colcon_core.package_discovery:discover_packages(recursive) using defaults
[0.552s] Level 1:colcon.colcon_core.package_discovery:discover_packages(ignore) discover
[0.552s] Level 1:colcon.colcon_core.package_discovery:discover_packages(ignore) using defaults
[0.553s] Level 1:colcon.colcon_core.package_discovery:discover_packages(path) discover
[0.553s] Level 1:colcon.colcon_core.package_discovery:discover_packages(path) using defaults
[0.583s] Level 1:colcon.colcon_core.package_discovery:discover_packages(prefix_path) check parameters
[0.583s] Level 1:colcon.colcon_core.package_discovery:discover_packages(prefix_path) discover
[0.590s] DEBUG:colcon.colcon_installed_package_information.package_discovery:Found 1 installed packages in /home/aluno/Desktop/SEL_ws/install
[0.594s] DEBUG:colcon.colcon_installed_package_information.package_discovery:Found 394 installed packages in /opt/ros/iron
[0.596s] Level 1:colcon.colcon_core.package_discovery:discover_packages(prefix_path) using defaults
[0.662s] Level 5:colcon.colcon_core.verb:set package 'pyconvo' build argument 'cmake_args' from command line to 'None'
[0.662s] Level 5:colcon.colcon_core.verb:set package 'pyconvo' build argument 'cmake_target' from command line to 'None'
[0.662s] Level 5:colcon.colcon_core.verb:set package 'pyconvo' build argument 'cmake_target_skip_unavailable' from command line to 'False'
[0.662s] Level 5:colcon.colcon_core.verb:set package 'pyconvo' build argument 'cmake_clean_cache' from command line to 'False'
[0.662s] Level 5:colcon.colcon_core.verb:set package 'pyconvo' build argument 'cmake_clean_first' from command line to 'False'
[0.662s] Level 5:colcon.colcon_core.verb:set package 'pyconvo' build argument 'cmake_force_configure' from command line to 'False'
[0.662s] Level 5:colcon.colcon_core.verb:set package 'pyconvo' build argument 'ament_cmake_args' from command line to 'None'
[0.662s] Level 5:colcon.colcon_core.verb:set package 'pyconvo' build argument 'catkin_cmake_args' from command line to 'None'
[0.662s] Level 5:colcon.colcon_core.verb:set package 'pyconvo' build argument 'catkin_skip_building_tests' from command line to 'False'
[0.663s] DEBUG:colcon.colcon_core.verb:Building package 'pyconvo' with the following arguments: {'ament_cmake_args': None, 'build_base': '/home/aluno/Desktop/SEL_ws/build/pyconvo', 'catkin_cmake_args': None, 'catkin_skip_building_tests': False, 'cmake_args': None, 'cmake_clean_cache': False, 'cmake_clean_first': False, 'cmake_force_configure': False, 'cmake_target': None, 'cmake_target_skip_unavailable': False, 'install_base': '/home/aluno/Desktop/SEL_ws/install/pyconvo', 'merge_install': False, 'path': '/home/aluno/Desktop/SEL_ws/src/pyconvo', 'symlink_install': False, 'test_result_base': None}
[0.664s] INFO:colcon.colcon_core.executor:Executing jobs using 'parallel' executor
[0.675s] DEBUG:colcon.colcon_parallel_executor.executor.parallel:run_until_complete
[0.676s] INFO:colcon.colcon_ros.task.ament_python.build:Building ROS package in '/home/aluno/Desktop/SEL_ws/src/pyconvo' with build type 'ament_python'
[0.676s] Level 1:colcon.colcon_core.shell:create_environment_hook('pyconvo', 'ament_prefix_path')
[0.685s] INFO:colcon.colcon_core.plugin_system:Skipping extension 'colcon_core.shell.bat': Not used on non-Windows systems
[0.685s] INFO:colcon.colcon_core.shell:Creating environment hook '/home/aluno/Desktop/SEL_ws/install/pyconvo/share/pyconvo/hook/ament_prefix_path.ps1'
[0.686s] INFO:colcon.colcon_core.shell:Creating environment descriptor '/home/aluno/Desktop/SEL_ws/install/pyconvo/share/pyconvo/hook/ament_prefix_path.dsv'
[0.686s] INFO:colcon.colcon_core.shell:Creating environment hook '/home/aluno/Desktop/SEL_ws/install/pyconvo/share/pyconvo/hook/ament_prefix_path.sh'
[0.692s] INFO:colcon.colcon_core.shell:Skip shell extension 'powershell' for command environment: Not usable outside of PowerShell
[0.692s] DEBUG:colcon.colcon_core.shell:Skip shell extension 'dsv' for command environment
[0.963s] INFO:colcon.colcon_core.task.python.build:Building Python package in '/home/aluno/Desktop/SEL_ws/src/pyconvo'
[0.968s] INFO:colcon.colcon_core.shell:Skip shell extension 'powershell' for command environment: Not usable outside of PowerShell
[0.968s] DEBUG:colcon.colcon_core.shell:Skip shell extension 'dsv' for command environment
[1.399s] DEBUG:colcon.colcon_core.event_handler.log_command:Invoking command in '/home/aluno/Desktop/SEL_ws/src/pyconvo': PYTHONPATH=/home/aluno/Desktop/SEL_ws/build/pyconvo/prefix_override:/home/aluno/Desktop/SEL_ws/install/pyconvo/lib/python3.10/site-packages:${PYTHONPATH} /usr/bin/python3 setup.py egg_info --egg-base ../../build/pyconvo build --build-base /home/aluno/Desktop/SEL_ws/build/pyconvo/build install --record /home/aluno/Desktop/SEL_ws/build/pyconvo/install.log --single-version-externally-managed
[1.689s] DEBUG:colcon.colcon_core.event_handler.log_command:Invoked command in '/home/aluno/Desktop/SEL_ws/src/pyconvo' returned '0': PYTHONPATH=/home/aluno/Desktop/SEL_ws/build/pyconvo/prefix_override:/home/aluno/Desktop/SEL_ws/install/pyconvo/lib/python3.10/site-packages:${PYTHONPATH} /usr/bin/python3 setup.py egg_info --egg-base ../../build/pyconvo build --build-base /home/aluno/Desktop/SEL_ws/build/pyconvo/build install --record /home/aluno/Desktop/SEL_ws/build/pyconvo/install.log --single-version-externally-managed
[1.695s] Level 1:colcon.colcon_core.environment:checking '/home/aluno/Desktop/SEL_ws/install/pyconvo' for CMake module files
[1.696s] Level 1:colcon.colcon_core.environment:checking '/home/aluno/Desktop/SEL_ws/install/pyconvo' for CMake config files
[1.696s] Level 1:colcon.colcon_core.environment:checking '/home/aluno/Desktop/SEL_ws/install/pyconvo/lib'
[1.696s] Level 1:colcon.colcon_core.environment:checking '/home/aluno/Desktop/SEL_ws/install/pyconvo/bin'
[1.696s] Level 1:colcon.colcon_core.environment:checking '/home/aluno/Desktop/SEL_ws/install/pyconvo/lib/pkgconfig/pyconvo.pc'
[1.697s] Level 1:colcon.colcon_core.environment:checking '/home/aluno/Desktop/SEL_ws/install/pyconvo/lib/python3.10/site-packages'
[1.697s] Level 1:colcon.colcon_core.shell:create_environment_hook('pyconvo', 'pythonpath')
[1.701s] INFO:colcon.colcon_core.shell:Creating environment hook '/home/aluno/Desktop/SEL_ws/install/pyconvo/share/pyconvo/hook/pythonpath.ps1'
[1.701s] INFO:colcon.colcon_core.shell:Creating environment descriptor '/home/aluno/Desktop/SEL_ws/install/pyconvo/share/pyconvo/hook/pythonpath.dsv'
[1.702s] INFO:colcon.colcon_core.shell:Creating environment hook '/home/aluno/Desktop/SEL_ws/install/pyconvo/share/pyconvo/hook/pythonpath.sh'
[1.702s] Level 1:colcon.colcon_core.environment:checking '/home/aluno/Desktop/SEL_ws/install/pyconvo/bin'
[1.702s] Level 1:colcon.colcon_core.environment:create_environment_scripts_only(pyconvo)
[1.707s] INFO:colcon.colcon_core.shell:Creating package script '/home/aluno/Desktop/SEL_ws/install/pyconvo/share/pyconvo/package.ps1'
[1.708s] INFO:colcon.colcon_core.shell:Creating package descriptor '/home/aluno/Desktop/SEL_ws/install/pyconvo/share/pyconvo/package.dsv'
[1.708s] INFO:colcon.colcon_core.shell:Creating package script '/home/aluno/Desktop/SEL_ws/install/pyconvo/share/pyconvo/package.sh'
[1.709s] INFO:colcon.colcon_core.shell:Creating package script '/home/aluno/Desktop/SEL_ws/install/pyconvo/share/pyconvo/package.bash'
[1.709s] INFO:colcon.colcon_core.shell:Creating package script '/home/aluno/Desktop/SEL_ws/install/pyconvo/share/pyconvo/package.zsh'
[1.710s] Level 1:colcon.colcon_core.environment:create_file_with_runtime_dependencies(/home/aluno/Desktop/SEL_ws/install/pyconvo/share/colcon-core/packages/pyconvo)
[1.710s] DEBUG:colcon.colcon_parallel_executor.executor.parallel:closing loop
[1.710s] DEBUG:colcon.colcon_parallel_executor.executor.parallel:loop closed
[1.710s] DEBUG:colcon.colcon_parallel_executor.executor.parallel:run_until_complete finished with '0'
[1.711s] DEBUG:colcon.colcon_core.event_reactor:joining thread
[1.718s] INFO:colcon.colcon_core.plugin_system:Skipping extension 'colcon_notification.desktop_notification.terminal_notifier': Not used on non-Darwin systems
[1.719s] INFO:colcon.colcon_core.plugin_system:Skipping extension 'colcon_notification.desktop_notification.win32': Not used on non-Windows systems
[1.719s] INFO:colcon.colcon_notification.desktop_notification:Sending desktop notification using 'notify2'
[1.726s] DEBUG:colcon.colcon_core.event_reactor:joined thread
[1.731s] INFO:colcon.colcon_core.shell:Creating prefix script '/home/aluno/Desktop/SEL_ws/install/local_setup.ps1'
[1.732s] INFO:colcon.colcon_core.shell:Creating prefix util module '/home/aluno/Desktop/SEL_ws/install/_local_setup_util_ps1.py'
[1.733s] INFO:colcon.colcon_core.shell:Creating prefix chain script '/home/aluno/Desktop/SEL_ws/install/setup.ps1'
[1.737s] INFO:colcon.colcon_core.shell:Creating prefix script '/home/aluno/Desktop/SEL_ws/install/local_setup.sh'
[1.738s] INFO:colcon.colcon_core.shell:Creating prefix util module '/home/aluno/Desktop/SEL_ws/install/_local_setup_util_sh.py'
[1.739s] INFO:colcon.colcon_core.shell:Creating prefix chain script '/home/aluno/Desktop/SEL_ws/install/setup.sh'
[1.749s] INFO:colcon.colcon_core.shell:Creating prefix script '/home/aluno/Desktop/SEL_ws/install/local_setup.bash'
[1.750s] INFO:colcon.colcon_core.shell:Creating prefix chain script '/home/aluno/Desktop/SEL_ws/install/setup.bash'
[1.761s] INFO:colcon.colcon_core.shell:Creating prefix script '/home/aluno/Desktop/SEL_ws/install/local_setup.zsh'
[1.762s] INFO:colcon.colcon_core.shell:Creating prefix chain script '/home/aluno/Desktop/SEL_ws/install/setup.zsh'
