[1.856s] Invoking command in '/home/aluno/Desktop/SEL_ws/src/pyconvo': PYTHONPATH=/home/aluno/Desktop/SEL_ws/build/pyconvo/prefix_override:/home/aluno/Desktop/SEL_ws/install/pyconvo/lib/python3.10/site-packages:${PYTHONPATH} /usr/bin/python3 setup.py egg_info --egg-base ../../build/pyconvo build --build-base /home/aluno/Desktop/SEL_ws/build/pyconvo/build install --record /home/aluno/Desktop/SEL_ws/build/pyconvo/install.log --single-version-externally-managed
[2.096s] running egg_info
[2.097s] writing ../../build/pyconvo/pyconvo.egg-info/PKG-INFO
[2.097s] writing dependency_links to ../../build/pyconvo/pyconvo.egg-info/dependency_links.txt
[2.097s] writing entry points to ../../build/pyconvo/pyconvo.egg-info/entry_points.txt
[2.098s] writing requirements to ../../build/pyconvo/pyconvo.egg-info/requires.txt
[2.098s] writing top-level names to ../../build/pyconvo/pyconvo.egg-info/top_level.txt
[2.099s] reading manifest file '../../build/pyconvo/pyconvo.egg-info/SOURCES.txt'
[2.100s] writing manifest file '../../build/pyconvo/pyconvo.egg-info/SOURCES.txt'
[2.100s] running build
[2.100s] running build_py
[2.101s] copying pyconvo/convo.py -> /home/aluno/Desktop/SEL_ws/build/pyconvo/build/lib/pyconvo
[2.101s] running install
[2.110s] /usr/lib/python3/dist-packages/setuptools/command/install.py:34: SetuptoolsDeprecationWarning: setup.py install is deprecated. Use build and pip and other standards-based tools.
[2.110s]   warnings.warn(
[2.111s] running install_lib
[2.111s] copying /home/aluno/Desktop/SEL_ws/build/pyconvo/build/lib/pyconvo/convo.py -> /home/aluno/Desktop/SEL_ws/install/pyconvo/lib/python3.10/site-packages/pyconvo
[2.112s] byte-compiling /home/aluno/Desktop/SEL_ws/install/pyconvo/lib/python3.10/site-packages/pyconvo/convo.py to convo.cpython-310.pyc
[2.113s] running install_data
[2.114s] copying launch/demo.launch.py -> /home/aluno/Desktop/SEL_ws/install/pyconvo/share/pyconvo/launch
[2.114s] copying launch/moveit_rviz.launch.py -> /home/aluno/Desktop/SEL_ws/install/pyconvo/share/pyconvo/launch
[2.114s] running install_egg_info
[2.116s] removing '/home/aluno/Desktop/SEL_ws/install/pyconvo/lib/python3.10/site-packages/pyconvo-0.0.0-py3.10.egg-info' (and everything under it)
[2.116s] Copying ../../build/pyconvo/pyconvo.egg-info to /home/aluno/Desktop/SEL_ws/install/pyconvo/lib/python3.10/site-packages/pyconvo-0.0.0-py3.10.egg-info
[2.117s] running install_scripts
[2.135s] Installing convo script to /home/aluno/Desktop/SEL_ws/install/pyconvo/lib/pyconvo
[2.136s] Installing logger script to /home/aluno/Desktop/SEL_ws/install/pyconvo/lib/pyconvo
[2.136s] Installing talker script to /home/aluno/Desktop/SEL_ws/install/pyconvo/lib/pyconvo
[2.136s] writing list of installed files to '/home/aluno/Desktop/SEL_ws/build/pyconvo/install.log'
[2.161s] Invoked command in '/home/aluno/Desktop/SEL_ws/src/pyconvo' returned '0': PYTHONPATH=/home/aluno/Desktop/SEL_ws/build/pyconvo/prefix_override:/home/aluno/Desktop/SEL_ws/install/pyconvo/lib/python3.10/site-packages:${PYTHONPATH} /usr/bin/python3 setup.py egg_info --egg-base ../../build/pyconvo build --build-base /home/aluno/Desktop/SEL_ws/build/pyconvo/build install --record /home/aluno/Desktop/SEL_ws/build/pyconvo/install.log --single-version-externally-managed
