[0.764s] Invoking command in '/home/aluno/Desktop/SEL_ws/src/pyconvo': PYTHONPATH=/home/aluno/Desktop/SEL_ws/build/pyconvo/prefix_override:/home/aluno/Desktop/SEL_ws/install/pyconvo/lib/python3.10/site-packages:${PYTHONPATH} /usr/bin/python3 setup.py egg_info --egg-base ../../build/pyconvo build --build-base /home/aluno/Desktop/SEL_ws/build/pyconvo/build install --record /home/aluno/Desktop/SEL_ws/build/pyconvo/install.log --single-version-externally-managed
[1.007s] running egg_info
[1.008s] writing ../../build/pyconvo/pyconvo.egg-info/PKG-INFO
[1.008s] writing dependency_links to ../../build/pyconvo/pyconvo.egg-info/dependency_links.txt
[1.008s] writing entry points to ../../build/pyconvo/pyconvo.egg-info/entry_points.txt
[1.008s] writing requirements to ../../build/pyconvo/pyconvo.egg-info/requires.txt
[1.008s] writing top-level names to ../../build/pyconvo/pyconvo.egg-info/top_level.txt
[1.010s] reading manifest file '../../build/pyconvo/pyconvo.egg-info/SOURCES.txt'
[1.011s] writing manifest file '../../build/pyconvo/pyconvo.egg-info/SOURCES.txt'
[1.011s] running build
[1.011s] running build_py
[1.011s] copying pyconvo/convo.py -> /home/aluno/Desktop/SEL_ws/build/pyconvo/build/lib/pyconvo
[1.011s] running install
[1.011s] /usr/lib/python3/dist-packages/setuptools/command/install.py:34: SetuptoolsDeprecationWarning: setup.py install is deprecated. Use build and pip and other standards-based tools.
[1.011s]   warnings.warn(
[1.012s] running install_lib
[1.012s] copying /home/aluno/Desktop/SEL_ws/build/pyconvo/build/lib/pyconvo/convo.py -> /home/aluno/Desktop/SEL_ws/install/pyconvo/lib/python3.10/site-packages/pyconvo
[1.013s] byte-compiling /home/aluno/Desktop/SEL_ws/install/pyconvo/lib/python3.10/site-packages/pyconvo/convo.py to convo.cpython-310.pyc
[1.014s] running install_data
[1.014s] running install_egg_info
[1.016s] removing '/home/aluno/Desktop/SEL_ws/install/pyconvo/lib/python3.10/site-packages/pyconvo-0.0.0-py3.10.egg-info' (and everything under it)
[1.016s] Copying ../../build/pyconvo/pyconvo.egg-info to /home/aluno/Desktop/SEL_ws/install/pyconvo/lib/python3.10/site-packages/pyconvo-0.0.0-py3.10.egg-info
[1.017s] running install_scripts
[1.036s] Installing convo script to /home/aluno/Desktop/SEL_ws/install/pyconvo/lib/pyconvo
[1.036s] Installing logger script to /home/aluno/Desktop/SEL_ws/install/pyconvo/lib/pyconvo
[1.037s] Installing talker script to /home/aluno/Desktop/SEL_ws/install/pyconvo/lib/pyconvo
[1.037s] writing list of installed files to '/home/aluno/Desktop/SEL_ws/build/pyconvo/install.log'
[1.062s] Invoked command in '/home/aluno/Desktop/SEL_ws/src/pyconvo' returned '0': PYTHONPATH=/home/aluno/Desktop/SEL_ws/build/pyconvo/prefix_override:/home/aluno/Desktop/SEL_ws/install/pyconvo/lib/python3.10/site-packages:${PYTHONPATH} /usr/bin/python3 setup.py egg_info --egg-base ../../build/pyconvo build --build-base /home/aluno/Desktop/SEL_ws/build/pyconvo/build install --record /home/aluno/Desktop/SEL_ws/build/pyconvo/install.log --single-version-externally-managed
