running egg_info
writing ../../build/pyconvo/pyconvo.egg-info/PKG-INFO
writing dependency_links to ../../build/pyconvo/pyconvo.egg-info/dependency_links.txt
writing entry points to ../../build/pyconvo/pyconvo.egg-info/entry_points.txt
writing requirements to ../../build/pyconvo/pyconvo.egg-info/requires.txt
writing top-level names to ../../build/pyconvo/pyconvo.egg-info/top_level.txt
reading manifest file '../../build/pyconvo/pyconvo.egg-info/SOURCES.txt'
writing manifest file '../../build/pyconvo/pyconvo.egg-info/SOURCES.txt'
running build
running build_py
running install
/usr/lib/python3/dist-packages/setuptools/command/install.py:34: SetuptoolsDeprecationWarning: setup.py install is deprecated. Use build and pip and other standards-based tools.
  warnings.warn(
running install_lib
running install_data
running install_egg_info
removing '/home/aluno/Desktop/SEL_ws/install/pyconvo/lib/python3.10/site-packages/pyconvo-0.0.0-py3.10.egg-info' (and everything under it)
Copying ../../build/pyconvo/pyconvo.egg-info to /home/aluno/Desktop/SEL_ws/install/pyconvo/lib/python3.10/site-packages/pyconvo-0.0.0-py3.10.egg-info
running install_scripts
Installing convo script to /home/aluno/Desktop/SEL_ws/install/pyconvo/lib/pyconvo
Installing logger script to /home/aluno/Desktop/SEL_ws/install/pyconvo/lib/pyconvo
Installing talker script to /home/aluno/Desktop/SEL_ws/install/pyconvo/lib/pyconvo
writing list of installed files to '/home/aluno/Desktop/SEL_ws/build/pyconvo/install.log'
