running egg_info
creating ../../build/pyconvo/pyconvo.egg-info
writing ../../build/pyconvo/pyconvo.egg-info/PKG-INFO
writing dependency_links to ../../build/pyconvo/pyconvo.egg-info/dependency_links.txt
writing entry points to ../../build/pyconvo/pyconvo.egg-info/entry_points.txt
writing requirements to ../../build/pyconvo/pyconvo.egg-info/requires.txt
writing top-level names to ../../build/pyconvo/pyconvo.egg-info/top_level.txt
writing manifest file '../../build/pyconvo/pyconvo.egg-info/SOURCES.txt'
reading manifest file '../../build/pyconvo/pyconvo.egg-info/SOURCES.txt'
writing manifest file '../../build/pyconvo/pyconvo.egg-info/SOURCES.txt'
running build
running build_py
creating /home/aluno/Desktop/SEL_ws/build/pyconvo/build
creating /home/aluno/Desktop/SEL_ws/build/pyconvo/build/lib
creating /home/aluno/Desktop/SEL_ws/build/pyconvo/build/lib/pyconvo
copying pyconvo/logger.py -> /home/aluno/Desktop/SEL_ws/build/pyconvo/build/lib/pyconvo
copying pyconvo/talker.py -> /home/aluno/Desktop/SEL_ws/build/pyconvo/build/lib/pyconvo
copying pyconvo/__init__.py -> /home/aluno/Desktop/SEL_ws/build/pyconvo/build/lib/pyconvo
copying pyconvo/convo.py -> /home/aluno/Desktop/SEL_ws/build/pyconvo/build/lib/pyconvo
running install
/usr/lib/python3/dist-packages/setuptools/command/install.py:34: SetuptoolsDeprecationWarning: setup.py install is deprecated. Use build and pip and other standards-based tools.
  warnings.warn(
running install_lib
creating /home/aluno/Desktop/SEL_ws/install/pyconvo/lib/python3.10/site-packages/pyconvo
copying /home/aluno/Desktop/SEL_ws/build/pyconvo/build/lib/pyconvo/logger.py -> /home/aluno/Desktop/SEL_ws/install/pyconvo/lib/python3.10/site-packages/pyconvo
copying /home/aluno/Desktop/SEL_ws/build/pyconvo/build/lib/pyconvo/talker.py -> /home/aluno/Desktop/SEL_ws/install/pyconvo/lib/python3.10/site-packages/pyconvo
copying /home/aluno/Desktop/SEL_ws/build/pyconvo/build/lib/pyconvo/__init__.py -> /home/aluno/Desktop/SEL_ws/install/pyconvo/lib/python3.10/site-packages/pyconvo
copying /home/aluno/Desktop/SEL_ws/build/pyconvo/build/lib/pyconvo/convo.py -> /home/aluno/Desktop/SEL_ws/install/pyconvo/lib/python3.10/site-packages/pyconvo
byte-compiling /home/aluno/Desktop/SEL_ws/install/pyconvo/lib/python3.10/site-packages/pyconvo/logger.py to logger.cpython-310.pyc
byte-compiling /home/aluno/Desktop/SEL_ws/install/pyconvo/lib/python3.10/site-packages/pyconvo/talker.py to talker.cpython-310.pyc
byte-compiling /home/aluno/Desktop/SEL_ws/install/pyconvo/lib/python3.10/site-packages/pyconvo/__init__.py to __init__.cpython-310.pyc
byte-compiling /home/aluno/Desktop/SEL_ws/install/pyconvo/lib/python3.10/site-packages/pyconvo/convo.py to convo.cpython-310.pyc
running install_data
creating /home/aluno/Desktop/SEL_ws/install/pyconvo/share/ament_index
creating /home/aluno/Desktop/SEL_ws/install/pyconvo/share/ament_index/resource_index
creating /home/aluno/Desktop/SEL_ws/install/pyconvo/share/ament_index/resource_index/packages
copying resource/pyconvo -> /home/aluno/Desktop/SEL_ws/install/pyconvo/share/ament_index/resource_index/packages
copying package.xml -> /home/aluno/Desktop/SEL_ws/install/pyconvo/share/pyconvo
creating /home/aluno/Desktop/SEL_ws/install/pyconvo/share/pyconvo/launch
copying launch/serial.launch.py -> /home/aluno/Desktop/SEL_ws/install/pyconvo/share/pyconvo/launch
copying launch/launch.py -> /home/aluno/Desktop/SEL_ws/install/pyconvo/share/pyconvo/launch
running install_egg_info
Copying ../../build/pyconvo/pyconvo.egg-info to /home/aluno/Desktop/SEL_ws/install/pyconvo/lib/python3.10/site-packages/pyconvo-0.0.0-py3.10.egg-info
running install_scripts
Installing convo script to /home/aluno/Desktop/SEL_ws/install/pyconvo/lib/pyconvo
Installing logger script to /home/aluno/Desktop/SEL_ws/install/pyconvo/lib/pyconvo
Installing talker script to /home/aluno/Desktop/SEL_ws/install/pyconvo/lib/pyconvo
writing list of installed files to '/home/aluno/Desktop/SEL_ws/build/pyconvo/install.log'
