[0.772s] Invoking command in '/home/aluno/Desktop/SEL_ws/src/pyconvo': PYTHONPATH=/home/aluno/Desktop/SEL_ws/build/pyconvo/prefix_override:/home/aluno/Desktop/SEL_ws/install/pyconvo/lib/python3.10/site-packages:${PYTHONPATH} /usr/bin/python3 setup.py egg_info --egg-base ../../build/pyconvo build --build-base /home/aluno/Desktop/SEL_ws/build/pyconvo/build install --record /home/aluno/Desktop/SEL_ws/build/pyconvo/install.log --single-version-externally-managed
[1.023s] running egg_info
[1.024s] creating ../../build/pyconvo/pyconvo.egg-info
[1.024s] writing ../../build/pyconvo/pyconvo.egg-info/PKG-INFO
[1.024s] writing dependency_links to ../../build/pyconvo/pyconvo.egg-info/dependency_links.txt
[1.025s] writing entry points to ../../build/pyconvo/pyconvo.egg-info/entry_points.txt
[1.025s] writing requirements to ../../build/pyconvo/pyconvo.egg-info/requires.txt
[1.025s] writing top-level names to ../../build/pyconvo/pyconvo.egg-info/top_level.txt
[1.025s] writing manifest file '../../build/pyconvo/pyconvo.egg-info/SOURCES.txt'
[1.027s] reading manifest file '../../build/pyconvo/pyconvo.egg-info/SOURCES.txt'
[1.028s] writing manifest file '../../build/pyconvo/pyconvo.egg-info/SOURCES.txt'
[1.028s] running build
[1.028s] running build_py
[1.028s] creating /home/aluno/Desktop/SEL_ws/build/pyconvo/build
[1.028s] creating /home/aluno/Desktop/SEL_ws/build/pyconvo/build/lib
[1.029s] creating /home/aluno/Desktop/SEL_ws/build/pyconvo/build/lib/pyconvo
[1.029s] copying pyconvo/logger.py -> /home/aluno/Desktop/SEL_ws/build/pyconvo/build/lib/pyconvo
[1.029s] copying pyconvo/talker.py -> /home/aluno/Desktop/SEL_ws/build/pyconvo/build/lib/pyconvo
[1.029s] copying pyconvo/__init__.py -> /home/aluno/Desktop/SEL_ws/build/pyconvo/build/lib/pyconvo
[1.029s] copying pyconvo/convo.py -> /home/aluno/Desktop/SEL_ws/build/pyconvo/build/lib/pyconvo
[1.029s] running install
[1.029s] /usr/lib/python3/dist-packages/setuptools/command/install.py:34: SetuptoolsDeprecationWarning: setup.py install is deprecated. Use build and pip and other standards-based tools.
[1.030s]   warnings.warn(
[1.030s] running install_lib
[1.031s] creating /home/aluno/Desktop/SEL_ws/install/pyconvo/lib/python3.10/site-packages/pyconvo
[1.031s] copying /home/aluno/Desktop/SEL_ws/build/pyconvo/build/lib/pyconvo/logger.py -> /home/aluno/Desktop/SEL_ws/install/pyconvo/lib/python3.10/site-packages/pyconvo
[1.031s] copying /home/aluno/Desktop/SEL_ws/build/pyconvo/build/lib/pyconvo/talker.py -> /home/aluno/Desktop/SEL_ws/install/pyconvo/lib/python3.10/site-packages/pyconvo
[1.031s] copying /home/aluno/Desktop/SEL_ws/build/pyconvo/build/lib/pyconvo/__init__.py -> /home/aluno/Desktop/SEL_ws/install/pyconvo/lib/python3.10/site-packages/pyconvo
[1.031s] copying /home/aluno/Desktop/SEL_ws/build/pyconvo/build/lib/pyconvo/convo.py -> /home/aluno/Desktop/SEL_ws/install/pyconvo/lib/python3.10/site-packages/pyconvo
[1.032s] byte-compiling /home/aluno/Desktop/SEL_ws/install/pyconvo/lib/python3.10/site-packages/pyconvo/logger.py to logger.cpython-310.pyc
[1.032s] byte-compiling /home/aluno/Desktop/SEL_ws/install/pyconvo/lib/python3.10/site-packages/pyconvo/talker.py to talker.cpython-310.pyc
[1.033s] byte-compiling /home/aluno/Desktop/SEL_ws/install/pyconvo/lib/python3.10/site-packages/pyconvo/__init__.py to __init__.cpython-310.pyc
[1.033s] byte-compiling /home/aluno/Desktop/SEL_ws/install/pyconvo/lib/python3.10/site-packages/pyconvo/convo.py to convo.cpython-310.pyc
[1.034s] running install_data
[1.035s] creating /home/aluno/Desktop/SEL_ws/install/pyconvo/share/ament_index
[1.035s] creating /home/aluno/Desktop/SEL_ws/install/pyconvo/share/ament_index/resource_index
[1.035s] creating /home/aluno/Desktop/SEL_ws/install/pyconvo/share/ament_index/resource_index/packages
[1.035s] copying resource/pyconvo -> /home/aluno/Desktop/SEL_ws/install/pyconvo/share/ament_index/resource_index/packages
[1.035s] copying package.xml -> /home/aluno/Desktop/SEL_ws/install/pyconvo/share/pyconvo
[1.035s] creating /home/aluno/Desktop/SEL_ws/install/pyconvo/share/pyconvo/launch
[1.035s] copying launch/serial.launch.py -> /home/aluno/Desktop/SEL_ws/install/pyconvo/share/pyconvo/launch
[1.036s] copying launch/launch.py -> /home/aluno/Desktop/SEL_ws/install/pyconvo/share/pyconvo/launch
[1.036s] running install_egg_info
[1.037s] Copying ../../build/pyconvo/pyconvo.egg-info to /home/aluno/Desktop/SEL_ws/install/pyconvo/lib/python3.10/site-packages/pyconvo-0.0.0-py3.10.egg-info
[1.038s] running install_scripts
[1.057s] Installing convo script to /home/aluno/Desktop/SEL_ws/install/pyconvo/lib/pyconvo
[1.057s] Installing logger script to /home/aluno/Desktop/SEL_ws/install/pyconvo/lib/pyconvo
[1.057s] Installing talker script to /home/aluno/Desktop/SEL_ws/install/pyconvo/lib/pyconvo
[1.058s] writing list of installed files to '/home/aluno/Desktop/SEL_ws/build/pyconvo/install.log'
[1.086s] Invoked command in '/home/aluno/Desktop/SEL_ws/src/pyconvo' returned '0': PYTHONPATH=/home/aluno/Desktop/SEL_ws/build/pyconvo/prefix_override:/home/aluno/Desktop/SEL_ws/install/pyconvo/lib/python3.10/site-packages:${PYTHONPATH} /usr/bin/python3 setup.py egg_info --egg-base ../../build/pyconvo build --build-base /home/aluno/Desktop/SEL_ws/build/pyconvo/build install --record /home/aluno/Desktop/SEL_ws/build/pyconvo/install.log --single-version-externally-managed
