/home/aluno/Desktop/SEL_ws/install/pyconvo/lib/python3.10/site-packages/pyconvo/logger.py
/home/aluno/Desktop/SEL_ws/install/pyconvo/lib/python3.10/site-packages/pyconvo/talker.py
/home/aluno/Desktop/SEL_ws/install/pyconvo/lib/python3.10/site-packages/pyconvo/__init__.py
/home/aluno/Desktop/SEL_ws/install/pyconvo/lib/python3.10/site-packages/pyconvo/convo.py
/home/aluno/Desktop/SEL_ws/install/pyconvo/lib/python3.10/site-packages/pyconvo/__pycache__/logger.cpython-310.pyc
/home/aluno/Desktop/SEL_ws/install/pyconvo/lib/python3.10/site-packages/pyconvo/__pycache__/talker.cpython-310.pyc
/home/aluno/Desktop/SEL_ws/install/pyconvo/lib/python3.10/site-packages/pyconvo/__pycache__/__init__.cpython-310.pyc
/home/aluno/Desktop/SEL_ws/install/pyconvo/lib/python3.10/site-packages/pyconvo/__pycache__/convo.cpython-310.pyc
/home/aluno/Desktop/SEL_ws/install/pyconvo/share/ament_index/resource_index/packages/pyconvo
/home/aluno/Desktop/SEL_ws/install/pyconvo/share/pyconvo/package.xml
/home/aluno/Desktop/SEL_ws/install/pyconvo/share/pyconvo/launch/launch.py
/home/aluno/Desktop/SEL_ws/install/pyconvo/share/pyconvo/launch/serial.launch.py
/home/aluno/Desktop/SEL_ws/install/pyconvo/lib/python3.10/site-packages/pyconvo-0.0.0-py3.10.egg-info/PKG-INFO
/home/aluno/Desktop/SEL_ws/install/pyconvo/lib/python3.10/site-packages/pyconvo-0.0.0-py3.10.egg-info/zip-safe
/home/aluno/Desktop/SEL_ws/install/pyconvo/lib/python3.10/site-packages/pyconvo-0.0.0-py3.10.egg-info/dependency_links.txt
/home/aluno/Desktop/SEL_ws/install/pyconvo/lib/python3.10/site-packages/pyconvo-0.0.0-py3.10.egg-info/entry_points.txt
/home/aluno/Desktop/SEL_ws/install/pyconvo/lib/python3.10/site-packages/pyconvo-0.0.0-py3.10.egg-info/requires.txt
/home/aluno/Desktop/SEL_ws/install/pyconvo/lib/python3.10/site-packages/pyconvo-0.0.0-py3.10.egg-info/top_level.txt
/home/aluno/Desktop/SEL_ws/install/pyconvo/lib/python3.10/site-packages/pyconvo-0.0.0-py3.10.egg-info/SOURCES.txt
/home/aluno/Desktop/SEL_ws/install/pyconvo/lib/pyconvo/convo
/home/aluno/Desktop/SEL_ws/install/pyconvo/lib/pyconvo/logger
/home/aluno/Desktop/SEL_ws/install/pyconvo/lib/pyconvo/talker
